<?xml version="1.0" encoding="UTF-8"?>
<testng-results skipped="0" failed="0" ignored="0" total="1" passed="1">
  <reporter-output>
  </reporter-output>
  <suite name="Default suite" duration-ms="85" started-at="2021-01-14T00:11:51 IST" finished-at="2021-01-14T00:11:51 IST">
    <groups>
    </groups>
    <test name="Default test" duration-ms="85" started-at="2021-01-14T00:11:51 IST" finished-at="2021-01-14T00:11:51 IST">
      <class name="JavaStreams.StreamBasicPratice">
        <test-method status="PASS" signature="filter()[pri:0, instance:JavaStreams.StreamBasicPratice@7f13d6e]" name="filter" duration-ms="20" started-at="2021-01-14T00:11:51 IST" finished-at="2021-01-14T00:11:51 IST">
          <reporter-output>
          </reporter-output>
        </test-method> <!-- filter -->
      </class> <!-- JavaStreams.StreamBasicPratice -->
    </test> <!-- Default test -->
  </suite> <!-- Default suite -->
</testng-results>
